#
# There is insufficient memory for the Java Runtime Environment to continue.
# Native memory allocation (malloc) failed to allocate 471456 bytes for Chunk::new
# Possible reasons:
#   The system is out of physical RAM or swap space
#   The process is running with CompressedOops enabled, and the Java Heap may be blocking the growth of the native heap
# Possible solutions:
#   Reduce memory load on the system
#   Increase physical memory or swap space
#   Check if swap backing store is full
#   Decrease Java heap size (-Xmx/-Xms)
#   Decrease number of Java threads
#   Decrease Java thread stack sizes (-Xss)
#   Set larger code cache with -XX:ReservedCodeCacheSize=
#   JVM is running with Zero Based Compressed Oops mode in which the Java heap is
#     placed in the first 32GB address space. The Java Heap base address is the
#     maximum limit for the native heap growth. Please use -XX:HeapBaseMinAddress
#     to set the Java Heap base and to place the Java Heap above 32GB virtual address.
# This output file may be truncated or incomplete.
#
#  Out of Memory Error (./src/hotspot/share/memory/arena.cpp:197), pid=36496, tid=3704
#
# JRE version: OpenJDK Runtime Environment Temurin-11.0.14.1+1 (11.0.14.1+1) (build 11.0.14.1+1)
# Java VM: OpenJDK 64-Bit Server VM Temurin-11.0.14.1+1 (11.0.14.1+1, mixed mode, tiered, compressed oops, g1 gc, windows-amd64)
# No core dump will be written. Minidumps are not enabled by default on client versions of Windows
#

---------------  S U M M A R Y ------------

Command Line: -Dfile.encoding=UTF-8 -Dcom.android.sdklib.toolsdir=D:\unity\2022.3.20f1\Editor\Data\PlaybackEngines\AndroidPlayer\SDK\cmdline-tools\6.0\bin\\.. com.android.sdklib.tool.sdkmanager.SdkManagerCli --list

Host: Intel(R) Core(TM) i5-10400F CPU @ 2.90GHz, 12 cores, 15G,  Windows 10 , 64 bit Build 19041 (10.0.19041.3636)
Time: Sun Mar 10 00:47:26 2024 FLE Standard Time elapsed time: 2.468295 seconds (0d 0h 0m 2s)

---------------  T H R E A D  ---------------

Current thread (0x0000017032770000):  JavaThread "C2 CompilerThread0" daemon [_thread_in_native, id=3704, stack(0x0000002d2e100000,0x0000002d2e200000)]


Current CompileTask:
C2:   2468 2370   !   4       com.sun.org.apache.xerces.internal.parsers.AbstractSAXParser::startElement (318 bytes)

Stack: [0x0000002d2e100000,0x0000002d2e200000]
Native frames: (J=compiled Java code, j=interpreted, Vv=VM code, C=native code)
V  [jvm.dll+0x61e59a]
V  [jvm.dll+0x7aaca9]
V  [jvm.dll+0x7ac398]
V  [jvm.dll+0x7aca73]
V  [jvm.dll+0x24f9b8]
V  [jvm.dll+0xc260c]
V  [jvm.dll+0xc2bcc]
V  [jvm.dll+0x2c1884]
V  [jvm.dll+0x52d899]
V  [jvm.dll+0x20a569]
V  [jvm.dll+0x207ccb]
V  [jvm.dll+0x18a2c1]
V  [jvm.dll+0x217734]
V  [jvm.dll+0x21597b]
V  [jvm.dll+0x76d7c0]
V  [jvm.dll+0x766724]
V  [jvm.dll+0x61d3f6]
C  [ucrtbase.dll+0x21bb2]
C  [KERNEL32.DLL+0x17344]
C  [ntdll.dll+0x526b1]


---------------  P R O C E S S  ---------------

Threads class SMR info:
_java_thread_list=0x000001703312d620, length=11, elements={
0x000001700dcc3800, 0x000001703270b000, 0x0000017032713800, 0x0000017032768800,
0x0000017032769800, 0x000001703276c000, 0x0000017032770000, 0x0000017032771000,
0x0000017032772800, 0x00000170328fc000, 0x0000017033029800
}

Java Threads: ( => current thread )
  0x000001700dcc3800 JavaThread "main" [_thread_in_Java, id=31752, stack(0x0000002d2d500000,0x0000002d2d600000)]
  0x000001703270b000 JavaThread "Reference Handler" daemon [_thread_blocked, id=30304, stack(0x0000002d2dc00000,0x0000002d2dd00000)]
  0x0000017032713800 JavaThread "Finalizer" daemon [_thread_blocked, id=35952, stack(0x0000002d2dd00000,0x0000002d2de00000)]
  0x0000017032768800 JavaThread "Signal Dispatcher" daemon [_thread_blocked, id=32664, stack(0x0000002d2de00000,0x0000002d2df00000)]
  0x0000017032769800 JavaThread "Attach Listener" daemon [_thread_blocked, id=13824, stack(0x0000002d2df00000,0x0000002d2e000000)]
  0x000001703276c000 JavaThread "Service Thread" daemon [_thread_blocked, id=12968, stack(0x0000002d2e000000,0x0000002d2e100000)]
=>0x0000017032770000 JavaThread "C2 CompilerThread0" daemon [_thread_in_native, id=3704, stack(0x0000002d2e100000,0x0000002d2e200000)]
  0x0000017032771000 JavaThread "C1 CompilerThread0" daemon [_thread_blocked, id=21400, stack(0x0000002d2e200000,0x0000002d2e300000)]
  0x0000017032772800 JavaThread "Sweeper thread" daemon [_thread_blocked, id=13048, stack(0x0000002d2e300000,0x0000002d2e400000)]
  0x00000170328fc000 JavaThread "Common-Cleaner" daemon [_thread_blocked, id=13384, stack(0x0000002d2e500000,0x0000002d2e600000)]
  0x0000017033029800 JavaThread "C2 CompilerThread1" daemon [_thread_in_native, id=13328, stack(0x0000002d2e600000,0x0000002d2e700000)]

Other Threads:
  0x00000170326e7800 VMThread "VM Thread" [stack: 0x0000002d2db00000,0x0000002d2dc00000] [id=16560]
  0x00000170328ef800 WatcherThread [stack: 0x0000002d2e400000,0x0000002d2e500000] [id=7832]
  0x000001700dcda800 GCTaskThread "GC Thread#0" [stack: 0x0000002d2d600000,0x0000002d2d700000] [id=21932]
  0x00000170337b7800 GCTaskThread "GC Thread#1" [stack: 0x0000002d2e700000,0x0000002d2e800000] [id=7564]
  0x00000170337b8000 GCTaskThread "GC Thread#2" [stack: 0x0000002d2e800000,0x0000002d2e900000] [id=23888]
  0x00000170330e9800 GCTaskThread "GC Thread#3" [stack: 0x0000002d2e900000,0x0000002d2ea00000] [id=20848]
  0x00000170330ea000 GCTaskThread "GC Thread#4" [stack: 0x0000002d2ea00000,0x0000002d2eb00000] [id=33552]
  0x0000017033786000 GCTaskThread "GC Thread#5" [stack: 0x0000002d2eb00000,0x0000002d2ec00000] [id=33668]
  0x000001700dd3c000 ConcurrentGCThread "G1 Main Marker" [stack: 0x0000002d2d700000,0x0000002d2d800000] [id=14688]
  0x000001700dd3d800 ConcurrentGCThread "G1 Conc#0" [stack: 0x0000002d2d800000,0x0000002d2d900000] [id=31324]
  0x0000017031d43000 ConcurrentGCThread "G1 Refine#0" [stack: 0x0000002d2d900000,0x0000002d2da00000] [id=22440]
  0x0000017031d44000 ConcurrentGCThread "G1 Young RemSet Sampling" [stack: 0x0000002d2da00000,0x0000002d2db00000] [id=6568]

Threads with active compile tasks:
C2 CompilerThread0   2494 2370   !   4       com.sun.org.apache.xerces.internal.parsers.AbstractSAXParser::startElement (318 bytes)
C2 CompilerThread1   2494 2380       4       com.sun.org.apache.xerces.internal.impl.XMLNSDocumentScannerImpl::scanStartElement (1026 bytes)

VM state:not at safepoint (normal execution)

VM Mutex/Monitor currently owned by a thread: None

Heap address: 0x0000000701600000, size: 4074 MB, Compressed Oops mode: Zero based, Oop shift amount: 3
Narrow klass base: 0x0000000800000000, Narrow klass shift: 0
Compressed class space size: 1073741824 Address: 0x0000000800000000

Heap:
 garbage-first heap   total 262144K, used 97684K [0x0000000701600000, 0x0000000800000000)
  region size 1024K, 96 young (98304K), 3 survivors (3072K)
 Metaspace       used 18423K, capacity 18779K, committed 18816K, reserved 1067008K
  class space    used 1797K, capacity 1888K, committed 1920K, reserved 1048576K
Heap Regions: E=young(eden), S=young(survivor), O=old, HS=humongous(starts), HC=humongous(continues), CS=collection set, F=free, A=archive, TAMS=top-at-mark-start (previous, next)
|   0|0x0000000701600000, 0x0000000701600000, 0x0000000701700000|  0%| F|  |TAMS 0x0000000701600000, 0x0000000701600000| Untracked 
|   1|0x0000000701700000, 0x0000000701765008, 0x0000000701800000| 39%| O|  |TAMS 0x0000000701700000, 0x0000000701700000| Untracked 
|   2|0x0000000701800000, 0x0000000701800000, 0x0000000701900000|  0%| F|  |TAMS 0x0000000701800000, 0x0000000701800000| Untracked 
|   3|0x0000000701900000, 0x0000000701900000, 0x0000000701a00000|  0%| F|  |TAMS 0x0000000701900000, 0x0000000701900000| Untracked 
|   4|0x0000000701a00000, 0x0000000701a00000, 0x0000000701b00000|  0%| F|  |TAMS 0x0000000701a00000, 0x0000000701a00000| Untracked 
|   5|0x0000000701b00000, 0x0000000701b00000, 0x0000000701c00000|  0%| F|  |TAMS 0x0000000701b00000, 0x0000000701b00000| Untracked 
|   6|0x0000000701c00000, 0x0000000701c00000, 0x0000000701d00000|  0%| F|  |TAMS 0x0000000701c00000, 0x0000000701c00000| Untracked 
|   7|0x0000000701d00000, 0x0000000701d00000, 0x0000000701e00000|  0%| F|  |TAMS 0x0000000701d00000, 0x0000000701d00000| Untracked 
|   8|0x0000000701e00000, 0x0000000701e00000, 0x0000000701f00000|  0%| F|  |TAMS 0x0000000701e00000, 0x0000000701e00000| Untracked 
|   9|0x0000000701f00000, 0x0000000701f00000, 0x0000000702000000|  0%| F|  |TAMS 0x0000000701f00000, 0x0000000701f00000| Untracked 
|  10|0x0000000702000000, 0x0000000702000000, 0x0000000702100000|  0%| F|  |TAMS 0x0000000702000000, 0x0000000702000000| Untracked 
|  11|0x0000000702100000, 0x0000000702100000, 0x0000000702200000|  0%| F|  |TAMS 0x0000000702100000, 0x0000000702100000| Untracked 
|  12|0x0000000702200000, 0x0000000702200000, 0x0000000702300000|  0%| F|  |TAMS 0x0000000702200000, 0x0000000702200000| Untracked 
|  13|0x0000000702300000, 0x0000000702300000, 0x0000000702400000|  0%| F|  |TAMS 0x0000000702300000, 0x0000000702300000| Untracked 
|  14|0x0000000702400000, 0x0000000702400000, 0x0000000702500000|  0%| F|  |TAMS 0x0000000702400000, 0x0000000702400000| Untracked 
|  15|0x0000000702500000, 0x0000000702500000, 0x0000000702600000|  0%| F|  |TAMS 0x0000000702500000, 0x0000000702500000| Untracked 
|  16|0x0000000702600000, 0x0000000702600000, 0x0000000702700000|  0%| F|  |TAMS 0x0000000702600000, 0x0000000702600000| Untracked 
|  17|0x0000000702700000, 0x0000000702700000, 0x0000000702800000|  0%| F|  |TAMS 0x0000000702700000, 0x0000000702700000| Untracked 
|  18|0x0000000702800000, 0x0000000702800000, 0x0000000702900000|  0%| F|  |TAMS 0x0000000702800000, 0x0000000702800000| Untracked 
|  19|0x0000000702900000, 0x0000000702900000, 0x0000000702a00000|  0%| F|  |TAMS 0x0000000702900000, 0x0000000702900000| Untracked 
|  20|0x0000000702a00000, 0x0000000702a00000, 0x0000000702b00000|  0%| F|  |TAMS 0x0000000702a00000, 0x0000000702a00000| Untracked 
|  21|0x0000000702b00000, 0x0000000702b00000, 0x0000000702c00000|  0%| F|  |TAMS 0x0000000702b00000, 0x0000000702b00000| Untracked 
|  22|0x0000000702c00000, 0x0000000702c00000, 0x0000000702d00000|  0%| F|  |TAMS 0x0000000702c00000, 0x0000000702c00000| Untracked 
|  23|0x0000000702d00000, 0x0000000702d00000, 0x0000000702e00000|  0%| F|  |TAMS 0x0000000702d00000, 0x0000000702d00000| Untracked 
|  24|0x0000000702e00000, 0x0000000702e00000, 0x0000000702f00000|  0%| F|  |TAMS 0x0000000702e00000, 0x0000000702e00000| Untracked 
|  25|0x0000000702f00000, 0x0000000702f00000, 0x0000000703000000|  0%| F|  |TAMS 0x0000000702f00000, 0x0000000702f00000| Untracked 
|  26|0x0000000703000000, 0x0000000703000000, 0x0000000703100000|  0%| F|  |TAMS 0x0000000703000000, 0x0000000703000000| Untracked 
|  27|0x0000000703100000, 0x0000000703100000, 0x0000000703200000|  0%| F|  |TAMS 0x0000000703100000, 0x0000000703100000| Untracked 
|  28|0x0000000703200000, 0x0000000703200000, 0x0000000703300000|  0%| F|  |TAMS 0x0000000703200000, 0x0000000703200000| Untracked 
|  29|0x0000000703300000, 0x0000000703300000, 0x0000000703400000|  0%| F|  |TAMS 0x0000000703300000, 0x0000000703300000| Untracked 
|  30|0x0000000703400000, 0x0000000703400000, 0x0000000703500000|  0%| F|  |TAMS 0x0000000703400000, 0x0000000703400000| Untracked 
|  31|0x0000000703500000, 0x0000000703500000, 0x0000000703600000|  0%| F|  |TAMS 0x0000000703500000, 0x0000000703500000| Untracked 
|  32|0x0000000703600000, 0x0000000703600000, 0x0000000703700000|  0%| F|  |TAMS 0x0000000703600000, 0x0000000703600000| Untracked 
|  33|0x0000000703700000, 0x0000000703700000, 0x0000000703800000|  0%| F|  |TAMS 0x0000000703700000, 0x0000000703700000| Untracked 
|  34|0x0000000703800000, 0x0000000703800000, 0x0000000703900000|  0%| F|  |TAMS 0x0000000703800000, 0x0000000703800000| Untracked 
|  35|0x0000000703900000, 0x0000000703900000, 0x0000000703a00000|  0%| F|  |TAMS 0x0000000703900000, 0x0000000703900000| Untracked 
|  36|0x0000000703a00000, 0x0000000703a00000, 0x0000000703b00000|  0%| F|  |TAMS 0x0000000703a00000, 0x0000000703a00000| Untracked 
|  37|0x0000000703b00000, 0x0000000703b00000, 0x0000000703c00000|  0%| F|  |TAMS 0x0000000703b00000, 0x0000000703b00000| Untracked 
|  38|0x0000000703c00000, 0x0000000703c00000, 0x0000000703d00000|  0%| F|  |TAMS 0x0000000703c00000, 0x0000000703c00000| Untracked 
|  39|0x0000000703d00000, 0x0000000703d00000, 0x0000000703e00000|  0%| F|  |TAMS 0x0000000703d00000, 0x0000000703d00000| Untracked 
|  40|0x0000000703e00000, 0x0000000703e00000, 0x0000000703f00000|  0%| F|  |TAMS 0x0000000703e00000, 0x0000000703e00000| Untracked 
|  41|0x0000000703f00000, 0x0000000703f00000, 0x0000000704000000|  0%| F|  |TAMS 0x0000000703f00000, 0x0000000703f00000| Untracked 
|  42|0x0000000704000000, 0x0000000704000000, 0x0000000704100000|  0%| F|  |TAMS 0x0000000704000000, 0x0000000704000000| Untracked 
|  43|0x0000000704100000, 0x0000000704100000, 0x0000000704200000|  0%| F|  |TAMS 0x0000000704100000, 0x0000000704100000| Untracked 
|  44|0x0000000704200000, 0x0000000704200000, 0x0000000704300000|  0%| F|  |TAMS 0x0000000704200000, 0x0000000704200000| Untracked 
|  45|0x0000000704300000, 0x0000000704300000, 0x0000000704400000|  0%| F|  |TAMS 0x0000000704300000, 0x0000000704300000| Untracked 
|  46|0x0000000704400000, 0x0000000704400000, 0x0000000704500000|  0%| F|  |TAMS 0x0000000704400000, 0x0000000704400000| Untracked 
|  47|0x0000000704500000, 0x0000000704500000, 0x0000000704600000|  0%| F|  |TAMS 0x0000000704500000, 0x0000000704500000| Untracked 
|  48|0x0000000704600000, 0x0000000704600000, 0x0000000704700000|  0%| F|  |TAMS 0x0000000704600000, 0x0000000704600000| Untracked 
|  49|0x0000000704700000, 0x0000000704700000, 0x0000000704800000|  0%| F|  |TAMS 0x0000000704700000, 0x0000000704700000| Untracked 
|  50|0x0000000704800000, 0x0000000704800000, 0x0000000704900000|  0%| F|  |TAMS 0x0000000704800000, 0x0000000704800000| Untracked 
|  51|0x0000000704900000, 0x0000000704900000, 0x0000000704a00000|  0%| F|  |TAMS 0x0000000704900000, 0x0000000704900000| Untracked 
|  52|0x0000000704a00000, 0x0000000704a00000, 0x0000000704b00000|  0%| F|  |TAMS 0x0000000704a00000, 0x0000000704a00000| Untracked 
|  53|0x0000000704b00000, 0x0000000704b00000, 0x0000000704c00000|  0%| F|  |TAMS 0x0000000704b00000, 0x0000000704b00000| Untracked 
|  54|0x0000000704c00000, 0x0000000704c00000, 0x0000000704d00000|  0%| F|  |TAMS 0x0000000704c00000, 0x0000000704c00000| Untracked 
|  55|0x0000000704d00000, 0x0000000704d00000, 0x0000000704e00000|  0%| F|  |TAMS 0x0000000704d00000, 0x0000000704d00000| Untracked 
|  56|0x0000000704e00000, 0x0000000704e00000, 0x0000000704f00000|  0%| F|  |TAMS 0x0000000704e00000, 0x0000000704e00000| Untracked 
|  57|0x0000000704f00000, 0x0000000704f00000, 0x0000000705000000|  0%| F|  |TAMS 0x0000000704f00000, 0x0000000704f00000| Untracked 
|  58|0x0000000705000000, 0x0000000705000000, 0x0000000705100000|  0%| F|  |TAMS 0x0000000705000000, 0x0000000705000000| Untracked 
|  59|0x0000000705100000, 0x0000000705100000, 0x0000000705200000|  0%| F|  |TAMS 0x0000000705100000, 0x0000000705100000| Untracked 
|  60|0x0000000705200000, 0x0000000705200000, 0x0000000705300000|  0%| F|  |TAMS 0x0000000705200000, 0x0000000705200000| Untracked 
|  61|0x0000000705300000, 0x0000000705300000, 0x0000000705400000|  0%| F|  |TAMS 0x0000000705300000, 0x0000000705300000| Untracked 
|  62|0x0000000705400000, 0x0000000705400000, 0x0000000705500000|  0%| F|  |TAMS 0x0000000705400000, 0x0000000705400000| Untracked 
|  63|0x0000000705500000, 0x0000000705500000, 0x0000000705600000|  0%| F|  |TAMS 0x0000000705500000, 0x0000000705500000| Untracked 
|  64|0x0000000705600000, 0x0000000705600000, 0x0000000705700000|  0%| F|  |TAMS 0x0000000705600000, 0x0000000705600000| Untracked 
|  65|0x0000000705700000, 0x0000000705700000, 0x0000000705800000|  0%| F|  |TAMS 0x0000000705700000, 0x0000000705700000| Untracked 
|  66|0x0000000705800000, 0x0000000705800000, 0x0000000705900000|  0%| F|  |TAMS 0x0000000705800000, 0x0000000705800000| Untracked 
|  67|0x0000000705900000, 0x0000000705900000, 0x0000000705a00000|  0%| F|  |TAMS 0x0000000705900000, 0x0000000705900000| Untracked 
|  68|0x0000000705a00000, 0x0000000705a00000, 0x0000000705b00000|  0%| F|  |TAMS 0x0000000705a00000, 0x0000000705a00000| Untracked 
|  69|0x0000000705b00000, 0x0000000705b00000, 0x0000000705c00000|  0%| F|  |TAMS 0x0000000705b00000, 0x0000000705b00000| Untracked 
|  70|0x0000000705c00000, 0x0000000705c00000, 0x0000000705d00000|  0%| F|  |TAMS 0x0000000705c00000, 0x0000000705c00000| Untracked 
|  71|0x0000000705d00000, 0x0000000705d00000, 0x0000000705e00000|  0%| F|  |TAMS 0x0000000705d00000, 0x0000000705d00000| Untracked 
|  72|0x0000000705e00000, 0x0000000705e00000, 0x0000000705f00000|  0%| F|  |TAMS 0x0000000705e00000, 0x0000000705e00000| Untracked 
|  73|0x0000000705f00000, 0x0000000705f00000, 0x0000000706000000|  0%| F|  |TAMS 0x0000000705f00000, 0x0000000705f00000| Untracked 
|  74|0x0000000706000000, 0x0000000706000000, 0x0000000706100000|  0%| F|  |TAMS 0x0000000706000000, 0x0000000706000000| Untracked 
|  75|0x0000000706100000, 0x0000000706100000, 0x0000000706200000|  0%| F|  |TAMS 0x0000000706100000, 0x0000000706100000| Untracked 
|  76|0x0000000706200000, 0x0000000706200000, 0x0000000706300000|  0%| F|  |TAMS 0x0000000706200000, 0x0000000706200000| Untracked 
|  77|0x0000000706300000, 0x0000000706300000, 0x0000000706400000|  0%| F|  |TAMS 0x0000000706300000, 0x0000000706300000| Untracked 
|  78|0x0000000706400000, 0x0000000706400000, 0x0000000706500000|  0%| F|  |TAMS 0x0000000706400000, 0x0000000706400000| Untracked 
|  79|0x0000000706500000, 0x0000000706500000, 0x0000000706600000|  0%| F|  |TAMS 0x0000000706500000, 0x0000000706500000| Untracked 
|  80|0x0000000706600000, 0x0000000706600000, 0x0000000706700000|  0%| F|  |TAMS 0x0000000706600000, 0x0000000706600000| Untracked 
|  81|0x0000000706700000, 0x0000000706700000, 0x0000000706800000|  0%| F|  |TAMS 0x0000000706700000, 0x0000000706700000| Untracked 
|  82|0x0000000706800000, 0x0000000706800000, 0x0000000706900000|  0%| F|  |TAMS 0x0000000706800000, 0x0000000706800000| Untracked 
|  83|0x0000000706900000, 0x0000000706900000, 0x0000000706a00000|  0%| F|  |TAMS 0x0000000706900000, 0x0000000706900000| Untracked 
|  84|0x0000000706a00000, 0x0000000706a00000, 0x0000000706b00000|  0%| F|  |TAMS 0x0000000706a00000, 0x0000000706a00000| Untracked 
|  85|0x0000000706b00000, 0x0000000706b00000, 0x0000000706c00000|  0%| F|  |TAMS 0x0000000706b00000, 0x0000000706b00000| Untracked 
|  86|0x0000000706c00000, 0x0000000706c00000, 0x0000000706d00000|  0%| F|  |TAMS 0x0000000706c00000, 0x0000000706c00000| Untracked 
|  87|0x0000000706d00000, 0x0000000706d00000, 0x0000000706e00000|  0%| F|  |TAMS 0x0000000706d00000, 0x0000000706d00000| Untracked 
|  88|0x0000000706e00000, 0x0000000706e00000, 0x0000000706f00000|  0%| F|  |TAMS 0x0000000706e00000, 0x0000000706e00000| Untracked 
|  89|0x0000000706f00000, 0x0000000706f00000, 0x0000000707000000|  0%| F|  |TAMS 0x0000000706f00000, 0x0000000706f00000| Untracked 
|  90|0x0000000707000000, 0x0000000707000000, 0x0000000707100000|  0%| F|  |TAMS 0x0000000707000000, 0x0000000707000000| Untracked 
|  91|0x0000000707100000, 0x0000000707100000, 0x0000000707200000|  0%| F|  |TAMS 0x0000000707100000, 0x0000000707100000| Untracked 
|  92|0x0000000707200000, 0x0000000707200000, 0x0000000707300000|  0%| F|  |TAMS 0x0000000707200000, 0x0000000707200000| Untracked 
|  93|0x0000000707300000, 0x0000000707300000, 0x0000000707400000|  0%| F|  |TAMS 0x0000000707300000, 0x0000000707300000| Untracked 
|  94|0x0000000707400000, 0x0000000707400000, 0x0000000707500000|  0%| F|  |TAMS 0x0000000707400000, 0x0000000707400000| Untracked 
|  95|0x0000000707500000, 0x0000000707500000, 0x0000000707600000|  0%| F|  |TAMS 0x0000000707500000, 0x0000000707500000| Untracked 
|  96|0x0000000707600000, 0x0000000707600000, 0x0000000707700000|  0%| F|  |TAMS 0x0000000707600000, 0x0000000707600000| Untracked 
|  97|0x0000000707700000, 0x0000000707700000, 0x0000000707800000|  0%| F|  |TAMS 0x0000000707700000, 0x0000000707700000| Untracked 
|  98|0x0000000707800000, 0x0000000707800000, 0x0000000707900000|  0%| F|  |TAMS 0x0000000707800000, 0x0000000707800000| Untracked 
|  99|0x0000000707900000, 0x0000000707900000, 0x0000000707a00000|  0%| F|  |TAMS 0x0000000707900000, 0x0000000707900000| Untracked 
| 100|0x0000000707a00000, 0x0000000707a00000, 0x0000000707b00000|  0%| F|  |TAMS 0x0000000707a00000, 0x0000000707a00000| Untracked 
| 101|0x0000000707b00000, 0x0000000707b00000, 0x0000000707c00000|  0%| F|  |TAMS 0x0000000707b00000, 0x0000000707b00000| Untracked 
| 102|0x0000000707c00000, 0x0000000707c00000, 0x0000000707d00000|  0%| F|  |TAMS 0x0000000707c00000, 0x0000000707c00000| Untracked 
| 103|0x0000000707d00000, 0x0000000707d00000, 0x0000000707e00000|  0%| F|  |TAMS 0x0000000707d00000, 0x0000000707d00000| Untracked 
| 104|0x0000000707e00000, 0x0000000707e00000, 0x0000000707f00000|  0%| F|  |TAMS 0x0000000707e00000, 0x0000000707e00000| Untracked 
| 105|0x0000000707f00000, 0x0000000707f00000, 0x0000000708000000|  0%| F|  |TAMS 0x0000000707f00000, 0x0000000707f00000| Untracked 
| 106|0x0000000708000000, 0x0000000708000000, 0x0000000708100000|  0%| F|  |TAMS 0x0000000708000000, 0x0000000708000000| Untracked 
| 107|0x0000000708100000, 0x0000000708100000, 0x0000000708200000|  0%| F|  |TAMS 0x0000000708100000, 0x0000000708100000| Untracked 
| 108|0x0000000708200000, 0x0000000708200000, 0x0000000708300000|  0%| F|  |TAMS 0x0000000708200000, 0x0000000708200000| Untracked 
| 109|0x0000000708300000, 0x0000000708300000, 0x0000000708400000|  0%| F|  |TAMS 0x0000000708300000, 0x0000000708300000| Untracked 
| 110|0x0000000708400000, 0x0000000708400000, 0x0000000708500000|  0%| F|  |TAMS 0x0000000708400000, 0x0000000708400000| Untracked 
| 111|0x0000000708500000, 0x0000000708500000, 0x0000000708600000|  0%| F|  |TAMS 0x0000000708500000, 0x0000000708500000| Untracked 
| 112|0x0000000708600000, 0x0000000708600000, 0x0000000708700000|  0%| F|  |TAMS 0x0000000708600000, 0x0000000708600000| Untracked 
| 113|0x0000000708700000, 0x0000000708700000, 0x0000000708800000|  0%| F|  |TAMS 0x0000000708700000, 0x0000000708700000| Untracked 
| 114|0x0000000708800000, 0x0000000708800000, 0x0000000708900000|  0%| F|  |TAMS 0x0000000708800000, 0x0000000708800000| Untracked 
| 115|0x0000000708900000, 0x0000000708900000, 0x0000000708a00000|  0%| F|  |TAMS 0x0000000708900000, 0x0000000708900000| Untracked 
| 116|0x0000000708a00000, 0x0000000708a00000, 0x0000000708b00000|  0%| F|  |TAMS 0x0000000708a00000, 0x0000000708a00000| Untracked 
| 117|0x0000000708b00000, 0x0000000708b00000, 0x0000000708c00000|  0%| F|  |TAMS 0x0000000708b00000, 0x0000000708b00000| Untracked 
| 118|0x0000000708c00000, 0x0000000708c00000, 0x0000000708d00000|  0%| F|  |TAMS 0x0000000708c00000, 0x0000000708c00000| Untracked 
| 119|0x0000000708d00000, 0x0000000708d00000, 0x0000000708e00000|  0%| F|  |TAMS 0x0000000708d00000, 0x0000000708d00000| Untracked 
| 120|0x0000000708e00000, 0x0000000708e00000, 0x0000000708f00000|  0%| F|  |TAMS 0x0000000708e00000, 0x0000000708e00000| Untracked 
| 121|0x0000000708f00000, 0x0000000708f00000, 0x0000000709000000|  0%| F|  |TAMS 0x0000000708f00000, 0x0000000708f00000| Untracked 
| 122|0x0000000709000000, 0x0000000709000000, 0x0000000709100000|  0%| F|  |TAMS 0x0000000709000000, 0x0000000709000000| Untracked 
| 123|0x0000000709100000, 0x0000000709100000, 0x0000000709200000|  0%| F|  |TAMS 0x0000000709100000, 0x0000000709100000| Untracked 
| 124|0x0000000709200000, 0x0000000709200000, 0x0000000709300000|  0%| F|  |TAMS 0x0000000709200000, 0x0000000709200000| Untracked 
| 125|0x0000000709300000, 0x0000000709300000, 0x0000000709400000|  0%| F|  |TAMS 0x0000000709300000, 0x0000000709300000| Untracked 
| 126|0x0000000709400000, 0x0000000709400000, 0x0000000709500000|  0%| F|  |TAMS 0x0000000709400000, 0x0000000709400000| Untracked 
| 127|0x0000000709500000, 0x0000000709500000, 0x0000000709600000|  0%| F|  |TAMS 0x0000000709500000, 0x0000000709500000| Untracked 
| 128|0x0000000709600000, 0x0000000709600000, 0x0000000709700000|  0%| F|  |TAMS 0x0000000709600000, 0x0000000709600000| Untracked 
| 129|0x0000000709700000, 0x0000000709700000, 0x0000000709800000|  0%| F|  |TAMS 0x0000000709700000, 0x0000000709700000| Untracked 
| 130|0x0000000709800000, 0x0000000709800000, 0x0000000709900000|  0%| F|  |TAMS 0x0000000709800000, 0x0000000709800000| Untracked 
| 131|0x0000000709900000, 0x0000000709900000, 0x0000000709a00000|  0%| F|  |TAMS 0x0000000709900000, 0x0000000709900000| Untracked 
| 132|0x0000000709a00000, 0x0000000709a00000, 0x0000000709b00000|  0%| F|  |TAMS 0x0000000709a00000, 0x0000000709a00000| Untracked 
| 133|0x0000000709b00000, 0x0000000709b00000, 0x0000000709c00000|  0%| F|  |TAMS 0x0000000709b00000, 0x0000000709b00000| Untracked 
| 134|0x0000000709c00000, 0x0000000709c00000, 0x0000000709d00000|  0%| F|  |TAMS 0x0000000709c00000, 0x0000000709c00000| Untracked 
| 135|0x0000000709d00000, 0x0000000709d00000, 0x0000000709e00000|  0%| F|  |TAMS 0x0000000709d00000, 0x0000000709d00000| Untracked 
| 136|0x0000000709e00000, 0x0000000709e00000, 0x0000000709f00000|  0%| F|  |TAMS 0x0000000709e00000, 0x0000000709e00000| Untracked 
| 137|0x0000000709f00000, 0x0000000709f00000, 0x000000070a000000|  0%| F|  |TAMS 0x0000000709f00000, 0x0000000709f00000| Untracked 
| 138|0x000000070a000000, 0x000000070a000000, 0x000000070a100000|  0%| F|  |TAMS 0x000000070a000000, 0x000000070a000000| Untracked 
| 139|0x000000070a100000, 0x000000070a100000, 0x000000070a200000|  0%| F|  |TAMS 0x000000070a100000, 0x000000070a100000| Untracked 
| 140|0x000000070a200000, 0x000000070a200000, 0x000000070a300000|  0%| F|  |TAMS 0x000000070a200000, 0x000000070a200000| Untracked 
| 141|0x000000070a300000, 0x000000070a300000, 0x000000070a400000|  0%| F|  |TAMS 0x000000070a300000, 0x000000070a300000| Untracked 
| 142|0x000000070a400000, 0x000000070a400000, 0x000000070a500000|  0%| F|  |TAMS 0x000000070a400000, 0x000000070a400000| Untracked 
| 143|0x000000070a500000, 0x000000070a500000, 0x000000070a600000|  0%| F|  |TAMS 0x000000070a500000, 0x000000070a500000| Untracked 
| 144|0x000000070a600000, 0x000000070a600000, 0x000000070a700000|  0%| F|  |TAMS 0x000000070a600000, 0x000000070a600000| Untracked 
| 145|0x000000070a700000, 0x000000070a700000, 0x000000070a800000|  0%| F|  |TAMS 0x000000070a700000, 0x000000070a700000| Untracked 
| 146|0x000000070a800000, 0x000000070a800000, 0x000000070a900000|  0%| F|  |TAMS 0x000000070a800000, 0x000000070a800000| Untracked 
| 147|0x000000070a900000, 0x000000070a900000, 0x000000070aa00000|  0%| F|  |TAMS 0x000000070a900000, 0x000000070a900000| Untracked 
| 148|0x000000070aa00000, 0x000000070aa00000, 0x000000070ab00000|  0%| F|  |TAMS 0x000000070aa00000, 0x000000070aa00000| Untracked 
| 149|0x000000070ab00000, 0x000000070ab00000, 0x000000070ac00000|  0%| F|  |TAMS 0x000000070ab00000, 0x000000070ab00000| Untracked 
| 150|0x000000070ac00000, 0x000000070ac00000, 0x000000070ad00000|  0%| F|  |TAMS 0x000000070ac00000, 0x000000070ac00000| Untracked 
| 151|0x000000070ad00000, 0x000000070ad00000, 0x000000070ae00000|  0%| F|  |TAMS 0x000000070ad00000, 0x000000070ad00000| Untracked 
| 152|0x000000070ae00000, 0x000000070ae00000, 0x000000070af00000|  0%| F|  |TAMS 0x000000070ae00000, 0x000000070ae00000| Untracked 
| 153|0x000000070af00000, 0x000000070af00000, 0x000000070b000000|  0%| F|  |TAMS 0x000000070af00000, 0x000000070af00000| Untracked 
| 154|0x000000070b000000, 0x000000070b000000, 0x000000070b100000|  0%| F|  |TAMS 0x000000070b000000, 0x000000070b000000| Untracked 
| 155|0x000000070b100000, 0x000000070b100000, 0x000000070b200000|  0%| F|  |TAMS 0x000000070b100000, 0x000000070b100000| Untracked 
| 156|0x000000070b200000, 0x000000070b200000, 0x000000070b300000|  0%| F|  |TAMS 0x000000070b200000, 0x000000070b200000| Untracked 
| 157|0x000000070b300000, 0x000000070b300000, 0x000000070b400000|  0%| F|  |TAMS 0x000000070b300000, 0x000000070b300000| Untracked 
| 158|0x000000070b400000, 0x000000070b400000, 0x000000070b500000|  0%| F|  |TAMS 0x000000070b400000, 0x000000070b400000| Untracked 
| 159|0x000000070b500000, 0x000000070b600000, 0x000000070b600000|100%| E|  |TAMS 0x000000070b500000, 0x000000070b500000| Complete 
| 160|0x000000070b600000, 0x000000070b700000, 0x000000070b700000|100%| E|CS|TAMS 0x000000070b600000, 0x000000070b600000| Complete 
| 161|0x000000070b700000, 0x000000070b800000, 0x000000070b800000|100%| E|CS|TAMS 0x000000070b700000, 0x000000070b700000| Complete 
| 162|0x000000070b800000, 0x000000070b900000, 0x000000070b900000|100%| E|CS|TAMS 0x000000070b800000, 0x000000070b800000| Complete 
| 163|0x000000070b900000, 0x000000070ba00000, 0x000000070ba00000|100%| E|CS|TAMS 0x000000070b900000, 0x000000070b900000| Complete 
| 164|0x000000070ba00000, 0x000000070bb00000, 0x000000070bb00000|100%| E|CS|TAMS 0x000000070ba00000, 0x000000070ba00000| Complete 
| 165|0x000000070bb00000, 0x000000070bc00000, 0x000000070bc00000|100%| E|CS|TAMS 0x000000070bb00000, 0x000000070bb00000| Complete 
| 166|0x000000070bc00000, 0x000000070bd00000, 0x000000070bd00000|100%| E|CS|TAMS 0x000000070bc00000, 0x000000070bc00000| Complete 
| 167|0x000000070bd00000, 0x000000070be00000, 0x000000070be00000|100%| E|CS|TAMS 0x000000070bd00000, 0x000000070bd00000| Complete 
| 168|0x000000070be00000, 0x000000070bf00000, 0x000000070bf00000|100%| E|CS|TAMS 0x000000070be00000, 0x000000070be00000| Complete 
| 169|0x000000070bf00000, 0x000000070c000000, 0x000000070c000000|100%| E|CS|TAMS 0x000000070bf00000, 0x000000070bf00000| Complete 
| 170|0x000000070c000000, 0x000000070c100000, 0x000000070c100000|100%| E|CS|TAMS 0x000000070c000000, 0x000000070c000000| Complete 
| 171|0x000000070c100000, 0x000000070c200000, 0x000000070c200000|100%| E|CS|TAMS 0x000000070c100000, 0x000000070c100000| Complete 
| 172|0x000000070c200000, 0x000000070c300000, 0x000000070c300000|100%| E|CS|TAMS 0x000000070c200000, 0x000000070c200000| Complete 
| 173|0x000000070c300000, 0x000000070c400000, 0x000000070c400000|100%| E|CS|TAMS 0x000000070c300000, 0x000000070c300000| Complete 
| 174|0x000000070c400000, 0x000000070c500000, 0x000000070c500000|100%| E|CS|TAMS 0x000000070c400000, 0x000000070c400000| Complete 
| 175|0x000000070c500000, 0x000000070c600000, 0x000000070c600000|100%| E|CS|TAMS 0x000000070c500000, 0x000000070c500000| Complete 
| 176|0x000000070c600000, 0x000000070c700000, 0x000000070c700000|100%| E|CS|TAMS 0x000000070c600000, 0x000000070c600000| Complete 
| 177|0x000000070c700000, 0x000000070c800000, 0x000000070c800000|100%| E|CS|TAMS 0x000000070c700000, 0x000000070c700000| Complete 
| 178|0x000000070c800000, 0x000000070c900000, 0x000000070c900000|100%| E|CS|TAMS 0x000000070c800000, 0x000000070c800000| Complete 
| 179|0x000000070c900000, 0x000000070ca00000, 0x000000070ca00000|100%| E|CS|TAMS 0x000000070c900000, 0x000000070c900000| Complete 
| 180|0x000000070ca00000, 0x000000070cb00000, 0x000000070cb00000|100%| E|CS|TAMS 0x000000070ca00000, 0x000000070ca00000| Complete 
| 181|0x000000070cb00000, 0x000000070cc00000, 0x000000070cc00000|100%| E|CS|TAMS 0x000000070cb00000, 0x000000070cb00000| Complete 
| 182|0x000000070cc00000, 0x000000070cd00000, 0x000000070cd00000|100%| E|CS|TAMS 0x000000070cc00000, 0x000000070cc00000| Complete 
| 183|0x000000070cd00000, 0x000000070ce00000, 0x000000070ce00000|100%| E|CS|TAMS 0x000000070cd00000, 0x000000070cd00000| Complete 
| 184|0x000000070ce00000, 0x000000070cf00000, 0x000000070cf00000|100%| E|CS|TAMS 0x000000070ce00000, 0x000000070ce00000| Complete 
| 185|0x000000070cf00000, 0x000000070d000000, 0x000000070d000000|100%| E|CS|TAMS 0x000000070cf00000, 0x000000070cf00000| Complete 
| 186|0x000000070d000000, 0x000000070d100000, 0x000000070d100000|100%| E|CS|TAMS 0x000000070d000000, 0x000000070d000000| Complete 
| 187|0x000000070d100000, 0x000000070d200000, 0x000000070d200000|100%| E|CS|TAMS 0x000000070d100000, 0x000000070d100000| Complete 
| 188|0x000000070d200000, 0x000000070d300000, 0x000000070d300000|100%| E|CS|TAMS 0x000000070d200000, 0x000000070d200000| Complete 
| 189|0x000000070d300000, 0x000000070d400000, 0x000000070d400000|100%| E|CS|TAMS 0x000000070d300000, 0x000000070d300000| Complete 
| 190|0x000000070d400000, 0x000000070d500000, 0x000000070d500000|100%| E|CS|TAMS 0x000000070d400000, 0x000000070d400000| Complete 
| 191|0x000000070d500000, 0x000000070d600000, 0x000000070d600000|100%| E|CS|TAMS 0x000000070d500000, 0x000000070d500000| Complete 
| 192|0x000000070d600000, 0x000000070d700000, 0x000000070d700000|100%| E|CS|TAMS 0x000000070d600000, 0x000000070d600000| Complete 
| 193|0x000000070d700000, 0x000000070d800000, 0x000000070d800000|100%| E|CS|TAMS 0x000000070d700000, 0x000000070d700000| Complete 
| 194|0x000000070d800000, 0x000000070d900000, 0x000000070d900000|100%| E|CS|TAMS 0x000000070d800000, 0x000000070d800000| Complete 
| 195|0x000000070d900000, 0x000000070da00000, 0x000000070da00000|100%| E|CS|TAMS 0x000000070d900000, 0x000000070d900000| Complete 
| 196|0x000000070da00000, 0x000000070db00000, 0x000000070db00000|100%| E|CS|TAMS 0x000000070da00000, 0x000000070da00000| Complete 
| 197|0x000000070db00000, 0x000000070dc00000, 0x000000070dc00000|100%| E|CS|TAMS 0x000000070db00000, 0x000000070db00000| Complete 
| 198|0x000000070dc00000, 0x000000070dd00000, 0x000000070dd00000|100%| E|CS|TAMS 0x000000070dc00000, 0x000000070dc00000| Complete 
| 199|0x000000070dd00000, 0x000000070de00000, 0x000000070de00000|100%| E|CS|TAMS 0x000000070dd00000, 0x000000070dd00000| Complete 
| 200|0x000000070de00000, 0x000000070df00000, 0x000000070df00000|100%| E|CS|TAMS 0x000000070de00000, 0x000000070de00000| Complete 
| 201|0x000000070df00000, 0x000000070e000000, 0x000000070e000000|100%| E|CS|TAMS 0x000000070df00000, 0x000000070df00000| Complete 
| 202|0x000000070e000000, 0x000000070e100000, 0x000000070e100000|100%| E|CS|TAMS 0x000000070e000000, 0x000000070e000000| Complete 
| 203|0x000000070e100000, 0x000000070e200000, 0x000000070e200000|100%| E|CS|TAMS 0x000000070e100000, 0x000000070e100000| Complete 
| 204|0x000000070e200000, 0x000000070e300000, 0x000000070e300000|100%| E|CS|TAMS 0x000000070e200000, 0x000000070e200000| Complete 
| 205|0x000000070e300000, 0x000000070e400000, 0x000000070e400000|100%| E|CS|TAMS 0x000000070e300000, 0x000000070e300000| Complete 
| 206|0x000000070e400000, 0x000000070e500000, 0x000000070e500000|100%| E|CS|TAMS 0x000000070e400000, 0x000000070e400000| Complete 
| 207|0x000000070e500000, 0x000000070e600000, 0x000000070e600000|100%| E|CS|TAMS 0x000000070e500000, 0x000000070e500000| Complete 
| 208|0x000000070e600000, 0x000000070e700000, 0x000000070e700000|100%| E|CS|TAMS 0x000000070e600000, 0x000000070e600000| Complete 
| 209|0x000000070e700000, 0x000000070e800000, 0x000000070e800000|100%| E|CS|TAMS 0x000000070e700000, 0x000000070e700000| Complete 
| 210|0x000000070e800000, 0x000000070e900000, 0x000000070e900000|100%| E|CS|TAMS 0x000000070e800000, 0x000000070e800000| Complete 
| 211|0x000000070e900000, 0x000000070ea00000, 0x000000070ea00000|100%| E|CS|TAMS 0x000000070e900000, 0x000000070e900000| Complete 
| 212|0x000000070ea00000, 0x000000070eb00000, 0x000000070eb00000|100%| E|CS|TAMS 0x000000070ea00000, 0x000000070ea00000| Complete 
| 213|0x000000070eb00000, 0x000000070ec00000, 0x000000070ec00000|100%| E|CS|TAMS 0x000000070eb00000, 0x000000070eb00000| Complete 
| 214|0x000000070ec00000, 0x000000070ed00000, 0x000000070ed00000|100%| E|CS|TAMS 0x000000070ec00000, 0x000000070ec00000| Complete 
| 215|0x000000070ed00000, 0x000000070ee00000, 0x000000070ee00000|100%| E|CS|TAMS 0x000000070ed00000, 0x000000070ed00000| Complete 
| 216|0x000000070ee00000, 0x000000070ef00000, 0x000000070ef00000|100%| E|CS|TAMS 0x000000070ee00000, 0x000000070ee00000| Complete 
| 217|0x000000070ef00000, 0x000000070f000000, 0x000000070f000000|100%| E|CS|TAMS 0x000000070ef00000, 0x000000070ef00000| Complete 
| 218|0x000000070f000000, 0x000000070f100000, 0x000000070f100000|100%| E|CS|TAMS 0x000000070f000000, 0x000000070f000000| Complete 
| 219|0x000000070f100000, 0x000000070f200000, 0x000000070f200000|100%| E|CS|TAMS 0x000000070f100000, 0x000000070f100000| Complete 
| 220|0x000000070f200000, 0x000000070f300000, 0x000000070f300000|100%| E|CS|TAMS 0x000000070f200000, 0x000000070f200000| Complete 
| 221|0x000000070f300000, 0x000000070f400000, 0x000000070f400000|100%| E|CS|TAMS 0x000000070f300000, 0x000000070f300000| Complete 
| 222|0x000000070f400000, 0x000000070f500000, 0x000000070f500000|100%| E|CS|TAMS 0x000000070f400000, 0x000000070f400000| Complete 
| 223|0x000000070f500000, 0x000000070f600000, 0x000000070f600000|100%| E|CS|TAMS 0x000000070f500000, 0x000000070f500000| Complete 
| 224|0x000000070f600000, 0x000000070f700000, 0x000000070f700000|100%| E|CS|TAMS 0x000000070f600000, 0x000000070f600000| Complete 
| 225|0x000000070f700000, 0x000000070f800000, 0x000000070f800000|100%| E|CS|TAMS 0x000000070f700000, 0x000000070f700000| Complete 
| 226|0x000000070f800000, 0x000000070f900000, 0x000000070f900000|100%| E|CS|TAMS 0x000000070f800000, 0x000000070f800000| Complete 
| 227|0x000000070f900000, 0x000000070fa00000, 0x000000070fa00000|100%| E|CS|TAMS 0x000000070f900000, 0x000000070f900000| Complete 
| 228|0x000000070fa00000, 0x000000070fb00000, 0x000000070fb00000|100%| E|CS|TAMS 0x000000070fa00000, 0x000000070fa00000| Complete 
| 229|0x000000070fb00000, 0x000000070fc00000, 0x000000070fc00000|100%| S|CS|TAMS 0x000000070fb00000, 0x000000070fb00000| Complete 
| 230|0x000000070fc00000, 0x000000070fd00000, 0x000000070fd00000|100%| S|CS|TAMS 0x000000070fc00000, 0x000000070fc00000| Complete 
| 231|0x000000070fd00000, 0x000000070fe00000, 0x000000070fe00000|100%| S|CS|TAMS 0x000000070fd00000, 0x000000070fd00000| Complete 
| 232|0x000000070fe00000, 0x000000070ff00000, 0x000000070ff00000|100%| E|CS|TAMS 0x000000070fe00000, 0x000000070fe00000| Complete 
| 233|0x000000070ff00000, 0x0000000710000000, 0x0000000710000000|100%| E|CS|TAMS 0x000000070ff00000, 0x000000070ff00000| Complete 
| 234|0x0000000710000000, 0x0000000710100000, 0x0000000710100000|100%| E|CS|TAMS 0x0000000710000000, 0x0000000710000000| Complete 
| 235|0x0000000710100000, 0x0000000710200000, 0x0000000710200000|100%| E|CS|TAMS 0x0000000710100000, 0x0000000710100000| Complete 
| 236|0x0000000710200000, 0x0000000710300000, 0x0000000710300000|100%| E|CS|TAMS 0x0000000710200000, 0x0000000710200000| Complete 
| 237|0x0000000710300000, 0x0000000710400000, 0x0000000710400000|100%| E|CS|TAMS 0x0000000710300000, 0x0000000710300000| Complete 
| 238|0x0000000710400000, 0x0000000710500000, 0x0000000710500000|100%| E|CS|TAMS 0x0000000710400000, 0x0000000710400000| Complete 
| 239|0x0000000710500000, 0x0000000710600000, 0x0000000710600000|100%| E|CS|TAMS 0x0000000710500000, 0x0000000710500000| Complete 
| 240|0x0000000710600000, 0x0000000710700000, 0x0000000710700000|100%| E|CS|TAMS 0x0000000710600000, 0x0000000710600000| Complete 
| 241|0x0000000710700000, 0x0000000710800000, 0x0000000710800000|100%| E|CS|TAMS 0x0000000710700000, 0x0000000710700000| Complete 
| 242|0x0000000710800000, 0x0000000710900000, 0x0000000710900000|100%| E|CS|TAMS 0x0000000710800000, 0x0000000710800000| Complete 
| 243|0x0000000710900000, 0x0000000710a00000, 0x0000000710a00000|100%| E|CS|TAMS 0x0000000710900000, 0x0000000710900000| Complete 
| 244|0x0000000710a00000, 0x0000000710b00000, 0x0000000710b00000|100%| E|CS|TAMS 0x0000000710a00000, 0x0000000710a00000| Complete 
| 245|0x0000000710b00000, 0x0000000710c00000, 0x0000000710c00000|100%| E|CS|TAMS 0x0000000710b00000, 0x0000000710b00000| Complete 
| 246|0x0000000710c00000, 0x0000000710d00000, 0x0000000710d00000|100%| E|CS|TAMS 0x0000000710c00000, 0x0000000710c00000| Complete 
| 247|0x0000000710d00000, 0x0000000710e00000, 0x0000000710e00000|100%| E|CS|TAMS 0x0000000710d00000, 0x0000000710d00000| Complete 
| 248|0x0000000710e00000, 0x0000000710f00000, 0x0000000710f00000|100%| E|CS|TAMS 0x0000000710e00000, 0x0000000710e00000| Complete 
| 249|0x0000000710f00000, 0x0000000711000000, 0x0000000711000000|100%| E|CS|TAMS 0x0000000710f00000, 0x0000000710f00000| Complete 
| 250|0x0000000711000000, 0x0000000711100000, 0x0000000711100000|100%| E|CS|TAMS 0x0000000711000000, 0x0000000711000000| Complete 
| 251|0x0000000711100000, 0x0000000711200000, 0x0000000711200000|100%| E|CS|TAMS 0x0000000711100000, 0x0000000711100000| Complete 
| 252|0x0000000711200000, 0x0000000711300000, 0x0000000711300000|100%| E|CS|TAMS 0x0000000711200000, 0x0000000711200000| Complete 
| 253|0x0000000711300000, 0x0000000711400000, 0x0000000711400000|100%| E|CS|TAMS 0x0000000711300000, 0x0000000711300000| Complete 
| 254|0x0000000711400000, 0x0000000711500000, 0x0000000711500000|100%| E|CS|TAMS 0x0000000711400000, 0x0000000711400000| Complete 
| 255|0x0000000711500000, 0x0000000711600000, 0x0000000711600000|100%| E|CS|TAMS 0x0000000711500000, 0x0000000711500000| Complete 

Card table byte_map: [0x0000017026150000,0x0000017026950000] _byte_map_base: 0x0000017022945000

Marking Bits (Prev, Next): (CMBitMap*) 0x000001700dd2a258, (CMBitMap*) 0x000001700dd2a290
 Prev Bits: [0x0000017027150000, 0x000001702b0f8000)
 Next Bits: [0x000001702b100000, 0x000001702f0a8000)

Polling page: 0x000001700bb40000

Metaspace:

Usage:
  Non-class:     16.50 MB capacity,    16.24 MB ( 98%) used,   230.96 KB (  1%) free+waste,    33.06 KB ( <1%) overhead. 
      Class:      1.84 MB capacity,     1.76 MB ( 95%) used,    76.75 KB (  4%) free+waste,    14.13 KB ( <1%) overhead. 
       Both:     18.34 MB capacity,    17.99 MB ( 98%) used,   307.71 KB (  2%) free+waste,    47.19 KB ( <1%) overhead. 

Virtual space:
  Non-class space:       18.00 MB reserved,      16.50 MB ( 92%) committed 
      Class space:        1.00 GB reserved,       1.88 MB ( <1%) committed 
             Both:        1.02 GB reserved,      18.38 MB (  2%) committed 

Chunk freelists:
   Non-Class:  5.00 KB
       Class:  0 bytes
        Both:  5.00 KB

MaxMetaspaceSize: 17179869184.00 GB
CompressedClassSpaceSize: 1.00 GB
Initial GC threshold: 20.80 MB
Current GC threshold: 20.80 MB
CDS: off

CodeHeap 'non-profiled nmethods': size=120000Kb used=961Kb max_used=961Kb free=119038Kb
 bounds [0x000001701ded0000, 0x000001701e140000, 0x0000017025400000]
CodeHeap 'profiled nmethods': size=120000Kb used=5105Kb max_used=5105Kb free=114894Kb
 bounds [0x00000170169a0000, 0x0000017016ea0000, 0x000001701ded0000]
CodeHeap 'non-nmethods': size=5760Kb used=1176Kb max_used=1216Kb free=4583Kb
 bounds [0x0000017016400000, 0x0000017016670000, 0x00000170169a0000]
 total_blobs=2852 nmethods=2417 adapters=347
 compilation: enabled
              stopped_count=0, restarted_count=0
 full_count=0

Compilation events (20 events):
Event: 2.452 Thread 0x0000017032771000 2375       2       com.android.sdklib.repository.generated.common.v3.IdDisplayType::<init> (5 bytes)
Event: 2.452 Thread 0x0000017032771000 nmethod 2375 0x0000017016e75810 code [0x0000017016e759c0, 0x0000017016e75ab8]
Event: 2.452 Thread 0x0000017032771000 2376       2       com.android.sdklib.repository.IdDisplay::<init> (5 bytes)
Event: 2.452 Thread 0x0000017032770000 nmethod 2360 0x000001701dfbad90 code [0x000001701dfbaf80, 0x000001701dfbb958]
Event: 2.452 Thread 0x0000017032770000 2370   !   4       com.sun.org.apache.xerces.internal.parsers.AbstractSAXParser::startElement (318 bytes)
Event: 2.452 Thread 0x0000017032771000 nmethod 2376 0x0000017016e75b90 code [0x0000017016e75d40, 0x0000017016e75e38]
Event: 2.452 Thread 0x0000017032771000 2377       2       java.util.regex.Matcher::start (22 bytes)
Event: 2.452 Thread 0x0000017032771000 nmethod 2377 0x0000017016e75f10 code [0x0000017016e760e0, 0x0000017016e762a8]
Event: 2.452 Thread 0x0000017032771000 2378       2       com.sun.org.apache.xerces.internal.impl.XMLDocumentFragmentScannerImpl::getPropertyDefault (36 bytes)
Event: 2.453 Thread 0x0000017032771000 nmethod 2378 0x0000017016e76390 code [0x0000017016e76560, 0x0000017016e76788]
Event: 2.458 Thread 0x0000017033029800 nmethod 2374 0x000001701dfbbc90 code [0x000001701dfbbea0, 0x000001701dfbc6c0]
Event: 2.459 Thread 0x0000017033029800 2373       4       org.xml.sax.helpers.AttributesImpl::setAttributes (134 bytes)
Event: 2.465 Thread 0x0000017032771000 2382   !   2       jdk.internal.reflect.GeneratedConstructorAccessor21::newInstance (49 bytes)
Event: 2.465 Thread 0x0000017032771000 nmethod 2382 0x0000017016e76910 code [0x0000017016e76b00, 0x0000017016e76e28]
Event: 2.466 Thread 0x0000017032771000 2386       2       com.android.sdklib.repository.generated.common.v3.ApiDetailsType::<init> (10 bytes)
Event: 2.466 Thread 0x0000017032771000 nmethod 2386 0x0000017016e77010 code [0x0000017016e771c0, 0x0000017016e772b8]
Event: 2.466 Thread 0x0000017032771000 2387       2       com.sun.xml.bind.v2.runtime.unmarshaller.DefaultValueLoaderDecorator::startElement (33 bytes)
Event: 2.466 Thread 0x0000017032771000 nmethod 2387 0x0000017016e77390 code [0x0000017016e77560, 0x0000017016e77848]
Event: 2.466 Thread 0x0000017032771000 2388       2       jdk.internal.reflect.UnsafeBooleanFieldAccessorImpl::set (58 bytes)
Event: 2.467 Thread 0x0000017032771000 nmethod 2388 0x0000017016e77990 code [0x0000017016e77c20, 0x0000017016e78448]

GC Heap History (2 events):
Event: 1.688 GC heap before
{Heap before GC invocations=0 (full 0):
 garbage-first heap   total 262144K, used 24576K [0x0000000701600000, 0x0000000800000000)
  region size 1024K, 24 young (24576K), 0 survivors (0K)
 Metaspace       used 13443K, capacity 13668K, committed 13696K, reserved 1060864K
  class space    used 1318K, capacity 1394K, committed 1408K, reserved 1048576K
}
Event: 1.695 GC heap after
{Heap after GC invocations=1 (full 0):
 garbage-first heap   total 262144K, used 3476K [0x0000000701600000, 0x0000000800000000)
  region size 1024K, 3 young (3072K), 3 survivors (3072K)
 Metaspace       used 13443K, capacity 13668K, committed 13696K, reserved 1060864K
  class space    used 1318K, capacity 1394K, committed 1408K, reserved 1048576K
}

Deoptimization events (20 events):
Event: 2.200 Thread 0x000001700dcc3800 DEOPT PACKING pc=0x0000017016cb07a2 sp=0x0000002d2d5fda60
Event: 2.200 Thread 0x000001700dcc3800 DEOPT UNPACKING pc=0x000001701644a95e sp=0x0000002d2d5fcf80 mode 0
Event: 2.204 Thread 0x000001700dcc3800 DEOPT PACKING pc=0x0000017016cb07a2 sp=0x0000002d2d5fda60
Event: 2.204 Thread 0x000001700dcc3800 DEOPT UNPACKING pc=0x000001701644a95e sp=0x0000002d2d5fcf80 mode 0
Event: 2.207 Thread 0x000001700dcc3800 DEOPT PACKING pc=0x0000017016cb07a2 sp=0x0000002d2d5fda90
Event: 2.207 Thread 0x000001700dcc3800 DEOPT UNPACKING pc=0x000001701644a95e sp=0x0000002d2d5fcfb0 mode 0
Event: 2.221 Thread 0x000001700dcc3800 DEOPT PACKING pc=0x0000017016cb07a2 sp=0x0000002d2d5fda90
Event: 2.221 Thread 0x000001700dcc3800 DEOPT UNPACKING pc=0x000001701644a95e sp=0x0000002d2d5fcfb0 mode 0
Event: 2.263 Thread 0x000001700dcc3800 Uncommon trap: trap_request=0xffffff4d fr.pc=0x000001701df10860 relative=0x0000000000000400
Event: 2.263 Thread 0x000001700dcc3800 Uncommon trap: reason=unstable_if action=reinterpret pc=0x000001701df10860 method=java.lang.String.equals(Ljava/lang/Object;)Z @ 34 c2
Event: 2.263 Thread 0x000001700dcc3800 DEOPT PACKING pc=0x000001701df10860 sp=0x0000002d2d5fdb90
Event: 2.263 Thread 0x000001700dcc3800 DEOPT UNPACKING pc=0x000001701644a1af sp=0x0000002d2d5fdaa0 mode 2
Event: 2.443 Thread 0x000001700dcc3800 Uncommon trap: trap_request=0xffffff4d fr.pc=0x000001701df90fe4 relative=0x00000000000003a4
Event: 2.443 Thread 0x000001700dcc3800 Uncommon trap: reason=unstable_if action=reinterpret pc=0x000001701df90fe4 method=com.sun.org.apache.xerces.internal.impl.XMLEntityScanner.normalizeNewlines(SLcom/sun/org/apache/xerces/internal/xni/XMLString;ZZLcom/sun/org/apache/xerces/internal/impl/XMLS
Event: 2.444 Thread 0x000001700dcc3800 DEOPT PACKING pc=0x000001701df90fe4 sp=0x0000002d2d5fe310
Event: 2.444 Thread 0x000001700dcc3800 DEOPT UNPACKING pc=0x000001701644a1af sp=0x0000002d2d5fe288 mode 2
Event: 2.444 Thread 0x000001700dcc3800 Uncommon trap: trap_request=0xffffff4d fr.pc=0x000001701dfa61f8 relative=0x0000000000002458
Event: 2.444 Thread 0x000001700dcc3800 Uncommon trap: reason=unstable_if action=reinterpret pc=0x000001701dfa61f8 method=com.sun.org.apache.xerces.internal.impl.XMLEntityScanner.scanContent(Lcom/sun/org/apache/xerces/internal/xni/XMLString;)I @ 103 c2
Event: 2.444 Thread 0x000001700dcc3800 DEOPT PACKING pc=0x000001701dfa61f8 sp=0x0000002d2d5fe360
Event: 2.444 Thread 0x000001700dcc3800 DEOPT UNPACKING pc=0x000001701644a1af sp=0x0000002d2d5fe2e8 mode 2

Classes redefined (0 events):
No events

Internal exceptions (20 events):
Event: 2.018 Thread 0x000001700dcc3800 Exception <a 'sun/nio/fs/WindowsException'{0x0000000710b9e408}> (0x0000000710b9e408) thrown at [./src/hotspot/share/prims/jni.cpp, line 616]
Event: 2.018 Thread 0x000001700dcc3800 Exception <a 'sun/nio/fs/WindowsException'{0x0000000710b9ee78}> (0x0000000710b9ee78) thrown at [./src/hotspot/share/prims/jni.cpp, line 616]
Event: 2.018 Thread 0x000001700dcc3800 Exception <a 'sun/nio/fs/WindowsException'{0x0000000710b9f1e8}> (0x0000000710b9f1e8) thrown at [./src/hotspot/share/prims/jni.cpp, line 616]
Event: 2.018 Thread 0x000001700dcc3800 Exception <a 'sun/nio/fs/WindowsException'{0x0000000710b9fa48}> (0x0000000710b9fa48) thrown at [./src/hotspot/share/prims/jni.cpp, line 616]
Event: 2.018 Thread 0x000001700dcc3800 Exception <a 'sun/nio/fs/WindowsException'{0x0000000710ba0160}> (0x0000000710ba0160) thrown at [./src/hotspot/share/prims/jni.cpp, line 616]
Event: 2.018 Thread 0x000001700dcc3800 Exception <a 'sun/nio/fs/WindowsException'{0x0000000710ba06b0}> (0x0000000710ba06b0) thrown at [./src/hotspot/share/prims/jni.cpp, line 616]
Event: 2.018 Thread 0x000001700dcc3800 Exception <a 'sun/nio/fs/WindowsException'{0x0000000710ba0df8}> (0x0000000710ba0df8) thrown at [./src/hotspot/share/prims/jni.cpp, line 616]
Event: 2.018 Thread 0x000001700dcc3800 Exception <a 'sun/nio/fs/WindowsException'{0x0000000710ba19a0}> (0x0000000710ba19a0) thrown at [./src/hotspot/share/prims/jni.cpp, line 616]
Event: 2.018 Thread 0x000001700dcc3800 Exception <a 'sun/nio/fs/WindowsException'{0x0000000710ba1d00}> (0x0000000710ba1d00) thrown at [./src/hotspot/share/prims/jni.cpp, line 616]
Event: 2.018 Thread 0x000001700dcc3800 Exception <a 'sun/nio/fs/WindowsException'{0x0000000710ba2540}> (0x0000000710ba2540) thrown at [./src/hotspot/share/prims/jni.cpp, line 616]
Event: 2.018 Thread 0x000001700dcc3800 Exception <a 'sun/nio/fs/WindowsException'{0x0000000710ba2c48}> (0x0000000710ba2c48) thrown at [./src/hotspot/share/prims/jni.cpp, line 616]
Event: 2.018 Thread 0x000001700dcc3800 Exception <a 'sun/nio/fs/WindowsException'{0x0000000710ba3178}> (0x0000000710ba3178) thrown at [./src/hotspot/share/prims/jni.cpp, line 616]
Event: 2.018 Thread 0x000001700dcc3800 Exception <a 'sun/nio/fs/WindowsException'{0x0000000710ba3890}> (0x0000000710ba3890) thrown at [./src/hotspot/share/prims/jni.cpp, line 616]
Event: 2.018 Thread 0x000001700dcc3800 Exception <a 'sun/nio/fs/WindowsException'{0x0000000710ba4298}> (0x0000000710ba4298) thrown at [./src/hotspot/share/prims/jni.cpp, line 616]
Event: 2.018 Thread 0x000001700dcc3800 Exception <a 'sun/nio/fs/WindowsException'{0x0000000710ba4610}> (0x0000000710ba4610) thrown at [./src/hotspot/share/prims/jni.cpp, line 616]
Event: 2.032 Thread 0x000001700dcc3800 Exception <a 'java/lang/NoSuchMethodError'{0x0000000710a2c2d0}: 'int java.lang.invoke.DirectMethodHandle$Holder.invokeSpecialIFC(java.lang.Object, java.lang.Object, int)'> (0x0000000710a2c2d0) thrown at [./src/hotspot/share/interpreter/linkResolver.cpp, line 773]
Event: 2.055 Thread 0x000001700dcc3800 Exception <a 'sun/nio/fs/WindowsException'{0x00000007109a5dd8}> (0x00000007109a5dd8) thrown at [./src/hotspot/share/prims/jni.cpp, line 616]
Event: 2.055 Thread 0x000001700dcc3800 Exception <a 'java/lang/NoSuchMethodError'{0x00000007109a6a70}: 'int java.lang.invoke.DirectMethodHandle$Holder.invokeInterface(java.lang.Object, java.lang.Object)'> (0x00000007109a6a70) thrown at [./src/hotspot/share/interpreter/linkResolver.cpp, line 773]
Event: 2.057 Thread 0x000001700dcc3800 Exception <a 'java/lang/NoSuchMethodError'{0x00000007109b01e0}: 'void java.lang.invoke.DirectMethodHandle$Holder.invokeStatic(java.lang.Object, int, java.lang.Object)'> (0x00000007109b01e0) thrown at [./src/hotspot/share/interpreter/linkResolver.cpp, line 773]
Event: 2.063 Thread 0x000001700dcc3800 Exception <a 'java/lang/NoSuchMethodError'{0x00000007109c1cc8}: 'java.lang.Object java.lang.invoke.Invokers$Holder.linkToTargetMethod(java.lang.Object, java.lang.Object, java.lang.Object, java.lang.Object, java.lang.Object, java.lang.Object)'> (0x00000007109c1cc8) thrown at [./src/hotspot/share/interpreter/linkResolver.cpp, line 773]

Events (20 events):
Event: 2.123 loading class com/android/tools/analytics/Environment$Companion
Event: 2.123 loading class com/android/tools/analytics/Environment$Companion done
Event: 2.124 loading class com/android/tools/analytics/Environment$Companion$SYSTEM$1
Event: 2.124 loading class com/android/tools/analytics/Environment$Companion$SYSTEM$1 done
Event: 2.124 loading class com/android/tools/analytics/Environment$SystemProperty
Event: 2.124 loading class com/android/tools/analytics/Environment$SystemProperty done
Event: 2.124 loading class com/google/wireless/android/sdk/stats/ProductDetails$CpuArchitecture
Event: 2.124 loading class com/google/wireless/android/sdk/stats/ProductDetails$CpuArchitecture done
Event: 2.125 loading class com/google/protobuf/ProtocolMessageEnum
Event: 2.125 loading class com/google/protobuf/ProtocolMessageEnum done
Event: 2.126 loading class com/google/protobuf/Internal$EnumLite
Event: 2.126 loading class com/google/protobuf/Internal$EnumLite done
Event: 2.127 loading class com/google/protobuf/Internal$EnumLiteMap
Event: 2.127 loading class com/google/protobuf/Internal$EnumLiteMap done
Event: 2.127 loading class com/google/wireless/android/sdk/stats/ProductDetails$CpuArchitecture$1
Event: 2.127 loading class com/google/wireless/android/sdk/stats/ProductDetails$CpuArchitecture$1 done
Event: 2.127 loading class com/android/repository/impl/meta/Archive$1
Event: 2.127 loading class com/android/repository/impl/meta/Archive$1 done
Event: 2.310 Executing VM operation: ICBufferFull
Event: 2.310 Executing VM operation: ICBufferFull done


Dynamic libraries:
0x00007ff66c8b0000 - 0x00007ff66c8bd000 	D:\unity\2022.3.20f1\Editor\Data\PlaybackEngines\AndroidPlayer\OpenJDK\bin\java.exe
0x00007ff88d450000 - 0x00007ff88d648000 	C:\Windows\SYSTEM32\ntdll.dll
0x00007ff88c4d0000 - 0x00007ff88c58d000 	C:\Windows\System32\KERNEL32.DLL
0x00007ff88af60000 - 0x00007ff88b256000 	C:\Windows\System32\KERNELBASE.dll
0x00007ff88ac80000 - 0x00007ff88ad80000 	C:\Windows\System32\ucrtbase.dll
0x00007ff880c20000 - 0x00007ff880c37000 	D:\unity\2022.3.20f1\Editor\Data\PlaybackEngines\AndroidPlayer\OpenJDK\bin\jli.dll
0x00007ff877dd0000 - 0x00007ff877de5000 	D:\unity\2022.3.20f1\Editor\Data\PlaybackEngines\AndroidPlayer\OpenJDK\bin\VCRUNTIME140.dll
0x00007ff88c6c0000 - 0x00007ff88c85e000 	C:\Windows\System32\USER32.dll
0x00007ff88b300000 - 0x00007ff88b322000 	C:\Windows\System32\win32u.dll
0x00007ff874430000 - 0x00007ff8746ca000 	C:\Windows\WinSxS\amd64_microsoft.windows.common-controls_6595b64144ccf1df_6.0.19041.3636_none_60b6a03d71f818d5\COMCTL32.dll
0x00007ff88d000000 - 0x00007ff88d02b000 	C:\Windows\System32\GDI32.dll
0x00007ff88c430000 - 0x00007ff88c4ce000 	C:\Windows\System32\msvcrt.dll
0x00007ff88ad80000 - 0x00007ff88ae97000 	C:\Windows\System32\gdi32full.dll
0x00007ff88b260000 - 0x00007ff88b2fd000 	C:\Windows\System32\msvcp_win.dll
0x00007ff88c1e0000 - 0x00007ff88c212000 	C:\Windows\System32\IMM32.DLL
0x00007ff85aaf0000 - 0x00007ff85ab8b000 	D:\unity\2022.3.20f1\Editor\Data\PlaybackEngines\AndroidPlayer\OpenJDK\bin\msvcp140.dll
0x00007ff83e180000 - 0x00007ff83ed01000 	D:\unity\2022.3.20f1\Editor\Data\PlaybackEngines\AndroidPlayer\OpenJDK\bin\server\jvm.dll
0x00007ff88c120000 - 0x00007ff88c1d3000 	C:\Windows\System32\ADVAPI32.dll
0x00007ff88d370000 - 0x00007ff88d40f000 	C:\Windows\System32\sechost.dll
0x00007ff88c590000 - 0x00007ff88c6b6000 	C:\Windows\System32\RPCRT4.dll
0x00007ff88ac50000 - 0x00007ff88ac77000 	C:\Windows\System32\bcrypt.dll
0x00007ff88cfe0000 - 0x00007ff88cfe8000 	C:\Windows\System32\PSAPI.DLL
0x00007ff86c5e0000 - 0x00007ff86c5e9000 	C:\Windows\SYSTEM32\WSOCK32.dll
0x00007ff884290000 - 0x00007ff8842b7000 	C:\Windows\SYSTEM32\WINMM.dll
0x00007ff88cf50000 - 0x00007ff88cfbb000 	C:\Windows\System32\WS2_32.dll
0x00007ff884d90000 - 0x00007ff884d9a000 	C:\Windows\SYSTEM32\VERSION.dll
0x00007ff8889e0000 - 0x00007ff8889f2000 	C:\Windows\SYSTEM32\kernel.appcore.dll
0x00007ff880dd0000 - 0x00007ff880de0000 	D:\unity\2022.3.20f1\Editor\Data\PlaybackEngines\AndroidPlayer\OpenJDK\bin\verify.dll
0x00007ff876a10000 - 0x00007ff876bf4000 	C:\Windows\SYSTEM32\DBGHELP.DLL
0x00007ff872500000 - 0x00007ff872534000 	C:\Windows\SYSTEM32\dbgcore.DLL
0x00007ff88ab10000 - 0x00007ff88ab92000 	C:\Windows\System32\bcryptPrimitives.dll
0x00007ff85e9f0000 - 0x00007ff85ea18000 	D:\unity\2022.3.20f1\Editor\Data\PlaybackEngines\AndroidPlayer\OpenJDK\bin\java.dll
0x00007ff877dc0000 - 0x00007ff877dca000 	D:\unity\2022.3.20f1\Editor\Data\PlaybackEngines\AndroidPlayer\OpenJDK\bin\jimage.dll
0x00007ff85dae0000 - 0x00007ff85daf8000 	D:\unity\2022.3.20f1\Editor\Data\PlaybackEngines\AndroidPlayer\OpenJDK\bin\zip.dll
0x00007ff88b490000 - 0x00007ff88bbd5000 	C:\Windows\System32\SHELL32.dll
0x00007ff888be0000 - 0x00007ff88937c000 	C:\Windows\SYSTEM32\windows.storage.dll
0x00007ff88bd10000 - 0x00007ff88c064000 	C:\Windows\System32\combase.dll
0x00007ff88a540000 - 0x00007ff88a56e000 	C:\Windows\SYSTEM32\Wldp.dll
0x00007ff88bbe0000 - 0x00007ff88bcad000 	C:\Windows\System32\OLEAUT32.dll
0x00007ff88ccd0000 - 0x00007ff88cd7d000 	C:\Windows\System32\SHCORE.dll
0x00007ff88bcb0000 - 0x00007ff88bd05000 	C:\Windows\System32\shlwapi.dll
0x00007ff88aa40000 - 0x00007ff88aa65000 	C:\Windows\SYSTEM32\profapi.dll
0x00007ff85cfb0000 - 0x00007ff85cfc9000 	D:\unity\2022.3.20f1\Editor\Data\PlaybackEngines\AndroidPlayer\OpenJDK\bin\net.dll
0x00007ff884420000 - 0x00007ff88452a000 	C:\Windows\SYSTEM32\WINHTTP.dll
0x00007ff88a2a0000 - 0x00007ff88a30a000 	C:\Windows\system32\mswsock.dll
0x00007ff85cbc0000 - 0x00007ff85cbd3000 	D:\unity\2022.3.20f1\Editor\Data\PlaybackEngines\AndroidPlayer\OpenJDK\bin\nio.dll

dbghelp: loaded successfully - version: 4.0.5 - missing functions: none
symbol engine: initialized successfully - sym options: 0x614 - pdb path: .;D:\unity\2022.3.20f1\Editor\Data\PlaybackEngines\AndroidPlayer\OpenJDK\bin;C:\Windows\SYSTEM32;C:\Windows\WinSxS\amd64_microsoft.windows.common-controls_6595b64144ccf1df_6.0.19041.3636_none_60b6a03d71f818d5;D:\unity\2022.3.20f1\Editor\Data\PlaybackEngines\AndroidPlayer\OpenJDK\bin\server

VM Arguments:
jvm_args: -Dfile.encoding=UTF-8 -Dcom.android.sdklib.toolsdir=D:\unity\2022.3.20f1\Editor\Data\PlaybackEngines\AndroidPlayer\SDK\cmdline-tools\6.0\bin\\.. 
java_command: com.android.sdklib.tool.sdkmanager.SdkManagerCli --list
java_class_path (initial): D:\unity\2022.3.20f1\Editor\Data\PlaybackEngines\AndroidPlayer\SDK\cmdline-tools\6.0\bin\..\lib\sdkmanager-classpath.jar
Launcher Type: SUN_STANDARD

[Global flags]
     intx CICompilerCount                          = 4                                         {product} {ergonomic}
     uint ConcGCThreads                            = 3                                         {product} {ergonomic}
     uint G1ConcRefinementThreads                  = 10                                        {product} {ergonomic}
   size_t G1HeapRegionSize                         = 1048576                                   {product} {ergonomic}
    uintx GCDrainStackTargetSize                   = 64                                        {product} {ergonomic}
   size_t InitialHeapSize                          = 268435456                                 {product} {ergonomic}
   size_t MarkStackSize                            = 4194304                                   {product} {ergonomic}
   size_t MaxHeapSize                              = 4271898624                                {product} {ergonomic}
   size_t MaxNewSize                               = 2562719744                                {product} {ergonomic}
   size_t MinHeapDeltaBytes                        = 1048576                                   {product} {ergonomic}
    uintx NonNMethodCodeHeapSize                   = 5836300                                {pd product} {ergonomic}
    uintx NonProfiledCodeHeapSize                  = 122910970                              {pd product} {ergonomic}
    uintx ProfiledCodeHeapSize                     = 122910970                              {pd product} {ergonomic}
    uintx ReservedCodeCacheSize                    = 251658240                              {pd product} {ergonomic}
     bool SegmentedCodeCache                       = true                                      {product} {ergonomic}
     bool UseCompressedClassPointers               = true                                 {lp64_product} {ergonomic}
     bool UseCompressedOops                        = true                                 {lp64_product} {ergonomic}
     bool UseG1GC                                  = true                                      {product} {ergonomic}
     bool UseLargePagesIndividualAllocation        = false                                  {pd product} {ergonomic}

Logging:
Log output configuration:
 #0: stdout all=warning uptime,level,tags
 #1: stderr all=off uptime,level,tags

Environment Variables:
JAVA_HOME=D:\unity\2022.3.20f1\Editor\Data\PlaybackEngines\AndroidPlayer\OpenJDK
JAVA_TOOL_OPTIONS=-Dfile.encoding=UTF-8
CLASSPATH=D:\unity\2022.3.20f1\Editor\Data\PlaybackEngines\AndroidPlayer\SDK\cmdline-tools\6.0\bin\..\lib\sdkmanager-classpath.jar
PATH=C:\Windows\system32;C:\Windows;C:\Windows\System32\Wbem;C:\Windows\System32\WindowsPowerShell\v1.0\;C:\Windows\System32\OpenSSH\;F:\;C:\Program Files (x86)\Windows Kits\10\Windows Performance Toolkit\;C:\Program Files\dotnet\;C:\Windows\system32;C:\Windows;C:\Windows\System32\Wbem;C:\Windows\System32\WindowsPowerShell\v1.0\;C:\Windows\System32\OpenSSH\;F:\;C:\Program Files\MySQL\MySQL Shell 8.0\bin\;C:\Users\andry\AppData\Local\Microsoft\WindowsApps;C:\Users\andry\AppData\Local\Programs\Microsoft VS Code\bin;C:\Users\andry\AppData\Roaming\npm;C:\Users\andry\AppData\Local\Programs\Python\Python312\Scripts;C:\Windows\system32\dist;C:\Users\andry\.dotnet\tools
USERNAME=andry
OS=Windows_NT
PROCESSOR_IDENTIFIER=Intel64 Family 6 Model 165 Stepping 3, GenuineIntel



---------------  S Y S T E M  ---------------

OS: Windows 10 , 64 bit Build 19041 (10.0.19041.3636)
OS uptime: 13 days 6:01 hours

CPU:total 12 (initial active 12) (6 cores per cpu, 2 threads per core) family 6 model 165 stepping 3 microcode 0xcc, cmov, cx8, fxsr, mmx, sse, sse2, sse3, ssse3, sse4.1, sse4.2, popcnt, avx, avx2, aes, clmul, erms, 3dnowpref, lzcnt, ht, tsc, tscinvbit, bmi1, bmi2, adx, fma

Memory: 4k page, system-wide physical 16295M (520M free)
TotalPageFile size 34225M (AvailPageFile size 2M)
current process WorkingSet (physical memory assigned to process): 179M, peak: 179M
current process commit charge ("private bytes"): 381M, peak: 381M

vm_info: OpenJDK 64-Bit Server VM (11.0.14.1+1) for windows-amd64 JRE (11.0.14.1+1), built on Feb  9 2022 01:48:27 by "" with unknown MS VC++:1916

END.
